<?xml version="1.0" encoding="UTF-8"?>
<!-- Generated by org.testng.reporters.JUnitReportReporter -->
<testsuite hostname="DESKTOP-9LQCJLJ" name="com.selenium.tests.Customers" tests="1" failures="0" timestamp="25 Apr 2020 08:23:52 GMT" time="20.099" errors="0">
  <testcase name="customer_001" time="20.099" classname="com.selenium.tests.Customers"/>
</testsuite> <!-- com.selenium.tests.Customers -->
