<?xml version="1.0" encoding="UTF-8"?>
<!-- Generated by org.testng.reporters.JUnitReportReporter -->
<testsuite hostname="DESKTOP-9LQCJLJ" name="com.selenium.tests.Login" tests="3" failures="0" timestamp="26 Apr 2020 06:59:32 GMT" time="53.426" errors="0">
  <testcase name="login_001" time="16.510" classname="com.selenium.tests.Login"/>
  <testcase name="login_002" time="18.284" classname="com.selenium.tests.Login"/>
  <testcase name="login_001" time="18.632" classname="com.selenium.tests.Login"/>
</testsuite> <!-- com.selenium.tests.Login -->
